#-----------------------------------------------------------
# Vivado v2019.1 (64-bit)
# SW Build 2552052 on Fri May 24 14:49:42 MDT 2019
# IP Build 2548770 on Fri May 24 18:01:18 MDT 2019
# Start of session at: Tue Oct 22 09:38:11 2019
# Process ID: 7472
# Current directory: E:/VivadoProjects/Lab2/dataFlowAdderSubtractor
# Command line: vivado.exe -gui_launcher_event rodinguilauncherevent8404 E:\VivadoProjects\Lab2\dataFlowAdderSubtractor\fullAdder.xpr
# Log file: E:/VivadoProjects/Lab2/dataFlowAdderSubtractor/vivado.log
# Journal file: E:/VivadoProjects/Lab2/dataFlowAdderSubtractor\vivado.jou
#-----------------------------------------------------------
start_gui
open_project E:/VivadoProjects/Lab2/dataFlowAdderSubtractor/fullAdder.xpr
INFO: [Project 1-313] Project file moved from 'E:/VivadoProjects/Lab2/fullAdder' since last save.
Scanning sources...
Finished scanning sources
INFO: [IP_Flow 19-234] Refreshing IP repositories
INFO: [IP_Flow 19-1704] No user IP repositories specified
INFO: [IP_Flow 19-2313] Loaded Vivado IP repository 'C:/Xilinx/Vivado/2019.1/data/ip'.
open_project: Time (s): cpu = 00:00:20 ; elapsed = 00:00:09 . Memory (MB): peak = 803.090 ; gain = 140.379
update_compile_order -fileset sources_1
exit
INFO: [Common 17-206] Exiting Vivado at Tue Oct 22 10:02:59 2019...
