#-----------------------------------------------------------
# Vivado v2019.1 (64-bit)
# SW Build 2552052 on Fri May 24 14:49:42 MDT 2019
# IP Build 2548770 on Fri May 24 18:01:18 MDT 2019
# Start of session at: Tue Oct 22 09:07:29 2019
# Process ID: 2236
# Current directory: E:/VivadoProjects/Lab2/structuralBitAdder
# Command line: vivado.exe -gui_launcher_event rodinguilauncherevent6344 E:\VivadoProjects\Lab2\structuralBitAdder\structuralBitAdder.xpr
# Log file: E:/VivadoProjects/Lab2/structuralBitAdder/vivado.log
# Journal file: E:/VivadoProjects/Lab2/structuralBitAdder\vivado.jou
#-----------------------------------------------------------
start_gui
open_project E:/VivadoProjects/Lab2/structuralBitAdder/structuralBitAdder.xpr
INFO: [Project 1-313] Project file moved from 'E:/VivadoProjects/structuralBitAdder' since last save.
WARNING: [Project 1-312] File not found as 'E:/VivadoProjects/University/Year 2/Digital Design CS223/Lab/Basys Vivado/Basys3.xdc'; using path 'E:/University/Year 2/Digital Design CS223/Lab/Basys Vivado/Basys3.xdc' instead.
Scanning sources...
Finished scanning sources
WARNING: [Project 1-312] File not found as 'E:/VivadoProjects/University/Year 2/Digital Design CS223/Lab/Basys Vivado/Basys3.xdc'; using path 'E:/University/Year 2/Digital Design CS223/Lab/Basys Vivado/Basys3.xdc' instead.
WARNING: [Project 1-312] File not found as 'E:/VivadoProjects/University/Year 2/Digital Design CS223/Lab/Basys Vivado/Basys3.xdc'; using path 'E:/University/Year 2/Digital Design CS223/Lab/Basys Vivado/Basys3.xdc' instead.
INFO: [IP_Flow 19-234] Refreshing IP repositories
INFO: [IP_Flow 19-1704] No user IP repositories specified
INFO: [IP_Flow 19-2313] Loaded Vivado IP repository 'C:/Xilinx/Vivado/2019.1/data/ip'.
open_project: Time (s): cpu = 00:00:21 ; elapsed = 00:00:12 . Memory (MB): peak = 779.121 ; gain = 188.316
update_compile_order -fileset sources_1
WARNING: [filemgmt 56-199] Attempt to get parsing info during refresh. "On-the-fly" syntax checking information may be incorrect. [E:/VivadoProjects/Lab2/structuralBitAdder/structuralBitAdder.srcs/sources_1/new/fullAdderS.sv:]
WARNING: [filemgmt 56-199] Attempt to get parsing info during refresh. "On-the-fly" syntax checking information may be incorrect. [E:/VivadoProjects/Lab2/structuralBitAdder/structuralBitAdder.srcs/sim_1/new/testBenchFullAdder_tb.sv:]
ERROR: [Common 17-180] Spawn failed: No error
launch_simulation
INFO: [Vivado 12-5682] Launching behavioral simulation in 'E:/VivadoProjects/Lab2/structuralBitAdder/structuralBitAdder.sim/sim_1/behav/xsim'
INFO: [SIM-utils-51] Simulation object is 'sim_1'
INFO: [SIM-utils-54] Inspecting design source files for 'testBenchFullAdder_tb' in fileset 'sim_1'...
INFO: [USF-XSim-97] Finding global include files...
INFO: [USF-XSim-98] Fetching design files from 'sim_1'...
INFO: [USF-XSim-2] XSim::Compile design
INFO: [USF-XSim-61] Executing 'COMPILE and ANALYZE' step in 'E:/VivadoProjects/Lab2/structuralBitAdder/structuralBitAdder.sim/sim_1/behav/xsim'
"xvlog --incr --relax -prj testBenchFullAdder_tb_vlog.prj"
INFO: [VRFC 10-2263] Analyzing SystemVerilog file "E:/VivadoProjects/Lab2/structuralBitAdder/structuralBitAdder.srcs/sources_1/new/fullAdderS.sv" into library xil_defaultlib
INFO: [VRFC 10-311] analyzing module fullAdderS
INFO: [VRFC 10-2263] Analyzing SystemVerilog file "E:/VivadoProjects/Lab2/structuralBitAdder/structuralBitAdder.srcs/sim_1/new/testBenchFullAdder_tb.sv" into library xil_defaultlib
INFO: [VRFC 10-311] analyzing module testBenchFullAdder_tb
INFO: [VRFC 10-2263] Analyzing Verilog file "E:/VivadoProjects/Lab2/structuralBitAdder/structuralBitAdder.sim/sim_1/behav/xsim/glbl.v" into library xil_defaultlib
INFO: [VRFC 10-311] analyzing module glbl
INFO: [USF-XSim-69] 'compile' step finished in '2' seconds
INFO: [USF-XSim-3] XSim::Elaborate design
INFO: [USF-XSim-61] Executing 'ELABORATE' step in 'E:/VivadoProjects/Lab2/structuralBitAdder/structuralBitAdder.sim/sim_1/behav/xsim'
"xelab -wto fb3e3e3f44cc4ad7b6b91e7ef19b7cba --incr --debug typical --relax --mt 2 -L xil_defaultlib -L unisims_ver -L unimacro_ver -L secureip --snapshot testBenchFullAdder_tb_behav xil_defaultlib.testBenchFullAdder_tb xil_defaultlib.glbl -log elaborate.log"
Vivado Simulator 2019.1
Copyright 1986-1999, 2001-2019 Xilinx, Inc. All Rights Reserved.
Running: C:/Xilinx/Vivado/2019.1/bin/unwrapped/win64.o/xelab.exe -wto fb3e3e3f44cc4ad7b6b91e7ef19b7cba --incr --debug typical --relax --mt 2 -L xil_defaultlib -L unisims_ver -L unimacro_ver -L secureip --snapshot testBenchFullAdder_tb_behav xil_defaultlib.testBenchFullAdder_tb xil_defaultlib.glbl -log elaborate.log 
Using 2 slave threads.
Starting static elaboration
Completed static elaboration
Starting simulation data flow analysis
Completed simulation data flow analysis
Time Resolution for simulation is 1ps
Compiling module xil_defaultlib.fullAdderS
Compiling module xil_defaultlib.testBenchFullAdder_tb
Compiling module xil_defaultlib.glbl
Built simulation snapshot testBenchFullAdder_tb_behav

****** Webtalk v2019.1 (64-bit)
  **** SW Build 2552052 on Fri May 24 14:49:42 MDT 2019
  **** IP Build 2548770 on Fri May 24 18:01:18 MDT 2019
    ** Copyright 1986-2019 Xilinx, Inc. All Rights Reserved.

source E:/VivadoProjects/Lab2/structuralBitAdder/structuralBitAdder.sim/sim_1/behav/xsim/xsim.dir/testBenchFullAdder_tb_behav/webtalk/xsim_webtalk.tcl -notrace
INFO: [Common 17-186] 'E:/VivadoProjects/Lab2/structuralBitAdder/structuralBitAdder.sim/sim_1/behav/xsim/xsim.dir/testBenchFullAdder_tb_behav/webtalk/usage_statistics_ext_xsim.xml' has been successfully sent to Xilinx on Tue Oct 22 09:09:39 2019. For additional details about this file, please refer to the WebTalk help file at C:/Xilinx/Vivado/2019.1/doc/webtalk_introduction.html.
INFO: [Common 17-206] Exiting Webtalk at Tue Oct 22 09:09:39 2019...
run_program: Time (s): cpu = 00:00:01 ; elapsed = 00:00:09 . Memory (MB): peak = 867.555 ; gain = 0.000
INFO: [USF-XSim-69] 'elaborate' step finished in '9' seconds
INFO: [USF-XSim-4] XSim::Simulate design
INFO: [USF-XSim-61] Executing 'SIMULATE' step in 'E:/VivadoProjects/Lab2/structuralBitAdder/structuralBitAdder.sim/sim_1/behav/xsim'
INFO: [USF-XSim-98] *** Running xsim
   with args "testBenchFullAdder_tb_behav -key {Behavioral:sim_1:Functional:testBenchFullAdder_tb} -tclbatch {testBenchFullAdder_tb.tcl} -log {simulate.log}"
INFO: [USF-XSim-8] Loading simulator feature
Vivado Simulator 2019.1
Time resolution is 1 ps
source testBenchFullAdder_tb.tcl
# set curr_wave [current_wave_config]
# if { [string length $curr_wave] == 0 } {
#   if { [llength [get_objects]] > 0} {
#     add_wave /
#     set_property needs_save false [current_wave_config]
#   } else {
#      send_msg_id Add_Wave-1 WARNING "No top level signals found. Simulator will start without a wave window. If you want to open a wave window go to 'File->New Waveform Configuration' or type 'create_wave_config' in the TCL console."
#   }
# }
# run 1000ns
                   0 a=x,b=x,cin=x, s=x, cout=x
                 110 a=0,b=0,cin=0, s=0, cout=0
                 120 a=0,b=0,cin=1, s=1, cout=0
                 130 a=0,b=1,cin=0, s=1, cout=0
                 140 a=0,b=1,cin=1, s=0, cout=1
                 150 a=1,b=0,cin=0, s=1, cout=0
                 160 a=1,b=0,cin=1, s=0, cout=1
                 170 a=1,b=1,cin=0, s=0, cout=1
                 180 a=1,b=1,cin=1, s=1, cout=1
INFO: [USF-XSim-96] XSim completed. Design snapshot 'testBenchFullAdder_tb_behav' loaded.
INFO: [USF-XSim-97] XSim simulation ran for 1000ns
launch_simulation: Time (s): cpu = 00:00:11 ; elapsed = 00:00:16 . Memory (MB): peak = 883.961 ; gain = 16.406
close_sim
INFO: [Simtcl 6-16] Simulation closed
close_sim: Time (s): cpu = 00:00:03 ; elapsed = 00:00:08 . Memory (MB): peak = 891.113 ; gain = 2.863
set_property top testBenchSub_tb [get_filesets sim_1]
set_property top_lib xil_defaultlib [get_filesets sim_1]
WARNING: [filemgmt 56-199] Attempt to get parsing info during refresh. "On-the-fly" syntax checking information may be incorrect. [E:/VivadoProjects/Lab2/structuralBitAdder/structuralBitAdder.srcs/sim_1/new/testBenchSub_tb.sv:]
WARNING: [filemgmt 56-199] Attempt to get parsing info during refresh. "On-the-fly" syntax checking information may be incorrect. [E:/VivadoProjects/Lab2/structuralBitAdder/structuralBitAdder.srcs/sources_1/new/fullSubtractorS.sv:]
ERROR: [Common 17-180] Spawn failed: No error
update_compile_order -fileset sim_1
launch_simulation
INFO: [Vivado 12-5682] Launching behavioral simulation in 'E:/VivadoProjects/Lab2/structuralBitAdder/structuralBitAdder.sim/sim_1/behav/xsim'
INFO: [SIM-utils-51] Simulation object is 'sim_1'
INFO: [SIM-utils-54] Inspecting design source files for 'testBenchSub_tb' in fileset 'sim_1'...
INFO: [USF-XSim-97] Finding global include files...
INFO: [USF-XSim-98] Fetching design files from 'sim_1'...
INFO: [USF-XSim-2] XSim::Compile design
INFO: [USF-XSim-61] Executing 'COMPILE and ANALYZE' step in 'E:/VivadoProjects/Lab2/structuralBitAdder/structuralBitAdder.sim/sim_1/behav/xsim'
"xvlog --incr --relax -prj testBenchSub_tb_vlog.prj"
INFO: [VRFC 10-2263] Analyzing SystemVerilog file "E:/VivadoProjects/Lab2/structuralBitAdder/structuralBitAdder.srcs/sources_1/new/fullSubtractorS.sv" into library xil_defaultlib
INFO: [VRFC 10-311] analyzing module fullSubtractorS
INFO: [VRFC 10-2263] Analyzing SystemVerilog file "E:/VivadoProjects/Lab2/structuralBitAdder/structuralBitAdder.srcs/sim_1/new/testBenchSub_tb.sv" into library xil_defaultlib
INFO: [VRFC 10-311] analyzing module testBenchSub_tb
INFO: [USF-XSim-69] 'compile' step finished in '2' seconds
INFO: [USF-XSim-3] XSim::Elaborate design
INFO: [USF-XSim-61] Executing 'ELABORATE' step in 'E:/VivadoProjects/Lab2/structuralBitAdder/structuralBitAdder.sim/sim_1/behav/xsim'
"xelab -wto fb3e3e3f44cc4ad7b6b91e7ef19b7cba --incr --debug typical --relax --mt 2 -L xil_defaultlib -L unisims_ver -L unimacro_ver -L secureip --snapshot testBenchSub_tb_behav xil_defaultlib.testBenchSub_tb xil_defaultlib.glbl -log elaborate.log"
Vivado Simulator 2019.1
Copyright 1986-1999, 2001-2019 Xilinx, Inc. All Rights Reserved.
Running: C:/Xilinx/Vivado/2019.1/bin/unwrapped/win64.o/xelab.exe -wto fb3e3e3f44cc4ad7b6b91e7ef19b7cba --incr --debug typical --relax --mt 2 -L xil_defaultlib -L unisims_ver -L unimacro_ver -L secureip --snapshot testBenchSub_tb_behav xil_defaultlib.testBenchSub_tb xil_defaultlib.glbl -log elaborate.log 
Using 2 slave threads.
Starting static elaboration
Completed static elaboration
Starting simulation data flow analysis
Completed simulation data flow analysis
Time Resolution for simulation is 1ps
Compiling module xil_defaultlib.fullSubtractorS
Compiling module xil_defaultlib.testBenchSub_tb
Compiling module xil_defaultlib.glbl
Built simulation snapshot testBenchSub_tb_behav
INFO: [USF-XSim-69] 'elaborate' step finished in '2' seconds
INFO: [USF-XSim-4] XSim::Simulate design
INFO: [USF-XSim-61] Executing 'SIMULATE' step in 'E:/VivadoProjects/Lab2/structuralBitAdder/structuralBitAdder.sim/sim_1/behav/xsim'
INFO: [USF-XSim-98] *** Running xsim
   with args "testBenchSub_tb_behav -key {Behavioral:sim_1:Functional:testBenchSub_tb} -tclbatch {testBenchSub_tb.tcl} -log {simulate.log}"
INFO: [USF-XSim-8] Loading simulator feature
Vivado Simulator 2019.1
Time resolution is 1 ps
source testBenchSub_tb.tcl
# set curr_wave [current_wave_config]
# if { [string length $curr_wave] == 0 } {
#   if { [llength [get_objects]] > 0} {
#     add_wave /
#     set_property needs_save false [current_wave_config]
#   } else {
#      send_msg_id Add_Wave-1 WARNING "No top level signals found. Simulator will start without a wave window. If you want to open a wave window go to 'File->New Waveform Configuration' or type 'create_wave_config' in the TCL console."
#   }
# }
# run 1000ns
FATAL_ERROR: Vivado Simulator kernel has discovered an exceptional condition from which it cannot recover. Process will terminate. For technical support on this issue, please open a WebCase with this project attached at http://www.xilinx.com/support.
Time: 0 ps  Iteration: 0  Process: /testBenchSub_tb/Initial41_1
  File: E:/VivadoProjects/Lab2/structuralBitAdder/structuralBitAdder.srcs/sim_1/new/testBenchSub_tb.sv

HDL Line: E:/VivadoProjects/Lab2/structuralBitAdder/structuralBitAdder.srcs/sim_1/new/testBenchSub_tb.sv:41
INFO: [USF-XSim-96] XSim completed. Design snapshot 'testBenchSub_tb_behav' loaded.
INFO: [USF-XSim-97] XSim simulation ran for 1000ns
launch_simulation: Time (s): cpu = 00:00:04 ; elapsed = 00:00:08 . Memory (MB): peak = 930.391 ; gain = 39.277
close_sim
INFO: [Simtcl 6-16] Simulation closed
launch_simulation
INFO: [Vivado 12-5682] Launching behavioral simulation in 'E:/VivadoProjects/Lab2/structuralBitAdder/structuralBitAdder.sim/sim_1/behav/xsim'
INFO: [SIM-utils-51] Simulation object is 'sim_1'
INFO: [SIM-utils-54] Inspecting design source files for 'testBenchSub_tb' in fileset 'sim_1'...
INFO: [USF-XSim-97] Finding global include files...
INFO: [USF-XSim-98] Fetching design files from 'sim_1'...
INFO: [USF-XSim-2] XSim::Compile design
INFO: [USF-XSim-61] Executing 'COMPILE and ANALYZE' step in 'E:/VivadoProjects/Lab2/structuralBitAdder/structuralBitAdder.sim/sim_1/behav/xsim'
"xvlog --incr --relax -prj testBenchSub_tb_vlog.prj"
INFO: [VRFC 10-2263] Analyzing SystemVerilog file "E:/VivadoProjects/Lab2/structuralBitAdder/structuralBitAdder.srcs/sources_1/new/fullSubtractorS.sv" into library xil_defaultlib
INFO: [VRFC 10-311] analyzing module fullSubtractorS
INFO: [VRFC 10-2263] Analyzing SystemVerilog file "E:/VivadoProjects/Lab2/structuralBitAdder/structuralBitAdder.srcs/sim_1/new/testBenchSub_tb.sv" into library xil_defaultlib
INFO: [VRFC 10-311] analyzing module testBenchSub_tb
INFO: [USF-XSim-69] 'compile' step finished in '2' seconds
INFO: [USF-XSim-3] XSim::Elaborate design
INFO: [USF-XSim-61] Executing 'ELABORATE' step in 'E:/VivadoProjects/Lab2/structuralBitAdder/structuralBitAdder.sim/sim_1/behav/xsim'
"xelab -wto fb3e3e3f44cc4ad7b6b91e7ef19b7cba --incr --debug typical --relax --mt 2 -L xil_defaultlib -L unisims_ver -L unimacro_ver -L secureip --snapshot testBenchSub_tb_behav xil_defaultlib.testBenchSub_tb xil_defaultlib.glbl -log elaborate.log"
Vivado Simulator 2019.1
Copyright 1986-1999, 2001-2019 Xilinx, Inc. All Rights Reserved.
Running: C:/Xilinx/Vivado/2019.1/bin/unwrapped/win64.o/xelab.exe -wto fb3e3e3f44cc4ad7b6b91e7ef19b7cba --incr --debug typical --relax --mt 2 -L xil_defaultlib -L unisims_ver -L unimacro_ver -L secureip --snapshot testBenchSub_tb_behav xil_defaultlib.testBenchSub_tb xil_defaultlib.glbl -log elaborate.log 
Using 2 slave threads.
Starting static elaboration
Completed static elaboration
Starting simulation data flow analysis
Completed simulation data flow analysis
Time Resolution for simulation is 1ps
Compiling module xil_defaultlib.fullSubtractorS
Compiling module xil_defaultlib.testBenchSub_tb
Compiling module xil_defaultlib.glbl
Built simulation snapshot testBenchSub_tb_behav
INFO: [USF-XSim-69] 'elaborate' step finished in '2' seconds
INFO: [USF-XSim-4] XSim::Simulate design
INFO: [USF-XSim-61] Executing 'SIMULATE' step in 'E:/VivadoProjects/Lab2/structuralBitAdder/structuralBitAdder.sim/sim_1/behav/xsim'
INFO: [USF-XSim-98] *** Running xsim
   with args "testBenchSub_tb_behav -key {Behavioral:sim_1:Functional:testBenchSub_tb} -tclbatch {testBenchSub_tb.tcl} -log {simulate.log}"
INFO: [USF-XSim-8] Loading simulator feature
Vivado Simulator 2019.1
Time resolution is 1 ps
source testBenchSub_tb.tcl
# set curr_wave [current_wave_config]
# if { [string length $curr_wave] == 0 } {
#   if { [llength [get_objects]] > 0} {
#     add_wave /
#     set_property needs_save false [current_wave_config]
#   } else {
#      send_msg_id Add_Wave-1 WARNING "No top level signals found. Simulator will start without a wave window. If you want to open a wave window go to 'File->New Waveform Configuration' or type 'create_wave_config' in the TCL console."
#   }
# }
# run 1000ns
                   0 a=x,b=x,bin=x, d=x, bout=x
                 110 a=0,b=0,bin=0, d=0, bout=0
                 120 a=0,b=0,bin=1, d=1, bout=1
                 130 a=0,b=1,bin=0, d=1, bout=1
                 140 a=0,b=1,bin=1, d=0, bout=1
                 150 a=1,b=0,bin=0, d=1, bout=0
                 160 a=1,b=0,bin=1, d=0, bout=0
                 170 a=1,b=1,bin=0, d=0, bout=0
                 180 a=1,b=1,bin=1, d=1, bout=1
INFO: [USF-XSim-96] XSim completed. Design snapshot 'testBenchSub_tb_behav' loaded.
INFO: [USF-XSim-97] XSim simulation ran for 1000ns
launch_simulation: Time (s): cpu = 00:00:04 ; elapsed = 00:00:07 . Memory (MB): peak = 930.391 ; gain = 0.000
close_sim
INFO: [Simtcl 6-16] Simulation closed
exit
INFO: [Common 17-206] Exiting Vivado at Tue Oct 22 09:20:50 2019...
