#-----------------------------------------------------------
# Vivado v2019.1 (64-bit)
# SW Build 2552052 on Fri May 24 14:49:42 MDT 2019
# IP Build 2548770 on Fri May 24 18:01:18 MDT 2019
# Start of session at: Mon Nov  4 22:57:24 2019
# Process ID: 1316
# Current directory: E:/VivadoProjects/Lab03
# Command line: vivado.exe -gui_launcher_event rodinguilauncherevent2940 E:\VivadoProjects\Lab03\Lab03.xpr
# Log file: E:/VivadoProjects/Lab03/vivado.log
# Journal file: E:/VivadoProjects/Lab03\vivado.jou
#-----------------------------------------------------------
start_gui
open_project E:/VivadoProjects/Lab03/Lab03.xpr
Scanning sources...
Finished scanning sources
INFO: [IP_Flow 19-234] Refreshing IP repositories
INFO: [IP_Flow 19-1704] No user IP repositories specified
INFO: [IP_Flow 19-2313] Loaded Vivado IP repository 'C:/Xilinx/Vivado/2019.1/data/ip'.
open_project: Time (s): cpu = 00:00:16 ; elapsed = 00:00:27 . Memory (MB): peak = 758.281 ; gain = 174.547
update_compile_order -fileset sources_1
file mkdir E:/VivadoProjects/Lab03/Lab03.srcs/constrs_1
file mkdir E:/VivadoProjects/Lab03/Lab03.srcs/constrs_1/new
close [ open E:/VivadoProjects/Lab03/Lab03.srcs/constrs_1/new/decoder2to4Basys.xdc w ]
add_files -fileset constrs_1 E:/VivadoProjects/Lab03/Lab03.srcs/constrs_1/new/decoder2to4Basys.xdc
close [ open E:/VivadoProjects/Lab03/Lab03.srcs/constrs_1/new/functionMuxBasys.xdc w ]
add_files -fileset constrs_1 E:/VivadoProjects/Lab03/Lab03.srcs/constrs_1/new/functionMuxBasys.xdc
set_property top functionMux [current_fileset]
update_compile_order -fileset sources_1
export_ip_user_files -of_objects  [get_files E:/VivadoProjects/Lab03/Lab03.srcs/constrs_1/new/functionMuxBasys.xdc] -no_script -reset -force -quiet
remove_files  -fileset constrs_1 E:/VivadoProjects/Lab03/Lab03.srcs/constrs_1/new/functionMuxBasys.xdc
set_property top decoder2to4DataFlow [current_fileset]
update_compile_order -fileset sources_1
launch_simulation
INFO: [Vivado 12-5682] Launching behavioral simulation in 'E:/VivadoProjects/Lab03/Lab03.sim/sim_1/behav/xsim'
INFO: [SIM-utils-51] Simulation object is 'sim_1'
INFO: [SIM-utils-54] Inspecting design source files for 'decoder2to4DataFlow_tb' in fileset 'sim_1'...
INFO: [USF-XSim-97] Finding global include files...
INFO: [USF-XSim-98] Fetching design files from 'sim_1'...
INFO: [USF-XSim-2] XSim::Compile design
INFO: [USF-XSim-61] Executing 'COMPILE and ANALYZE' step in 'E:/VivadoProjects/Lab03/Lab03.sim/sim_1/behav/xsim'
"xvlog --incr --relax -prj decoder2to4DataFlow_tb_vlog.prj"
INFO: [USF-XSim-69] 'compile' step finished in '2' seconds
INFO: [USF-XSim-3] XSim::Elaborate design
INFO: [USF-XSim-61] Executing 'ELABORATE' step in 'E:/VivadoProjects/Lab03/Lab03.sim/sim_1/behav/xsim'
"xelab -wto 8c5cc20252264a3bb04630232b7bb880 --incr --debug typical --relax --mt 2 -L xil_defaultlib -L unisims_ver -L unimacro_ver -L secureip --snapshot decoder2to4DataFlow_tb_behav xil_defaultlib.decoder2to4DataFlow_tb xil_defaultlib.glbl -log elaborate.log"
Vivado Simulator 2019.1
Copyright 1986-1999, 2001-2019 Xilinx, Inc. All Rights Reserved.
Running: C:/Xilinx/Vivado/2019.1/bin/unwrapped/win64.o/xelab.exe -wto 8c5cc20252264a3bb04630232b7bb880 --incr --debug typical --relax --mt 2 -L xil_defaultlib -L unisims_ver -L unimacro_ver -L secureip --snapshot decoder2to4DataFlow_tb_behav xil_defaultlib.decoder2to4DataFlow_tb xil_defaultlib.glbl -log elaborate.log 
Using 2 slave threads.
Starting static elaboration
Completed static elaboration
INFO: [XSIM 43-4323] No Change in HDL. Linking previously generated obj files to create kernel
INFO: [USF-XSim-69] 'elaborate' step finished in '4' seconds
INFO: [USF-XSim-4] XSim::Simulate design
INFO: [USF-XSim-61] Executing 'SIMULATE' step in 'E:/VivadoProjects/Lab03/Lab03.sim/sim_1/behav/xsim'
INFO: [USF-XSim-98] *** Running xsim
   with args "decoder2to4DataFlow_tb_behav -key {Behavioral:sim_1:Functional:decoder2to4DataFlow_tb} -tclbatch {decoder2to4DataFlow_tb.tcl} -log {simulate.log}"
INFO: [USF-XSim-8] Loading simulator feature
Vivado Simulator 2019.1
Time resolution is 1 ps
source decoder2to4DataFlow_tb.tcl
# set curr_wave [current_wave_config]
# if { [string length $curr_wave] == 0 } {
#   if { [llength [get_objects]] > 0} {
#     add_wave /
#     set_property needs_save false [current_wave_config]
#   } else {
#      send_msg_id Add_Wave-1 WARNING "No top level signals found. Simulator will start without a wave window. If you want to open a wave window go to 'File->New Waveform Configuration' or type 'create_wave_config' in the TCL console."
#   }
# }
# run 1000ns
INFO: [USF-XSim-96] XSim completed. Design snapshot 'decoder2to4DataFlow_tb_behav' loaded.
INFO: [USF-XSim-97] XSim simulation ran for 1000ns
launch_simulation: Time (s): cpu = 00:00:08 ; elapsed = 00:00:12 . Memory (MB): peak = 791.578 ; gain = 18.457
launch_runs impl_1 -to_step write_bitstream -jobs 2
[Mon Nov  4 23:12:34 2019] Launched synth_1...
Run output will be captured here: E:/VivadoProjects/Lab03/Lab03.runs/synth_1/runme.log
[Mon Nov  4 23:12:34 2019] Launched impl_1...
Run output will be captured here: E:/VivadoProjects/Lab03/Lab03.runs/impl_1/runme.log
open_hw
connect_hw_server
INFO: [Labtools 27-2285] Connecting to hw_server url TCP:localhost:3121
INFO: [Labtools 27-2222] Launching hw_server...
INFO: [Labtools 27-2221] Launch Output:

****** Xilinx hw_server v2019.1
  **** Build date : May 24 2019 at 15:13:31
    ** Copyright 1986-2019 Xilinx, Inc. All Rights Reserved.


connect_hw_server: Time (s): cpu = 00:00:01 ; elapsed = 00:00:06 . Memory (MB): peak = 823.203 ; gain = 12.656
open_hw_target
INFO: [Labtoolstcl 44-466] Opening hw_target localhost:3121/xilinx_tcf/Digilent/210183A580DEA
open_hw_target: Time (s): cpu = 00:00:06 ; elapsed = 00:00:06 . Memory (MB): peak = 1947.555 ; gain = 1124.352
set_property PROGRAM.FILE {E:/VivadoProjects/Lab03/Lab03.runs/impl_1/decoder2to4DataFlow.bit} [get_hw_devices xc7a35t_0]
current_hw_device [get_hw_devices xc7a35t_0]
refresh_hw_device -update_hw_probes false [lindex [get_hw_devices xc7a35t_0] 0]
INFO: [Labtools 27-1434] Device xc7a35t (JTAG device index = 0) is programmed with a design that has no supported debug core(s) in it.
set_property PROBES.FILE {} [get_hw_devices xc7a35t_0]
set_property FULL_PROBES.FILE {} [get_hw_devices xc7a35t_0]
set_property PROGRAM.FILE {E:/VivadoProjects/Lab03/Lab03.runs/impl_1/decoder2to4DataFlow.bit} [get_hw_devices xc7a35t_0]
program_hw_devices [get_hw_devices xc7a35t_0]
INFO: [Labtools 27-3164] End of startup status: HIGH
refresh_hw_device [lindex [get_hw_devices xc7a35t_0] 0]
INFO: [Labtools 27-1434] Device xc7a35t (JTAG device index = 0) is programmed with a design that has no supported debug core(s) in it.
close_hw
set_property top functionMux [current_fileset]
update_compile_order -fileset sources_1
set_property top functionMux_tb [get_filesets sim_1]
set_property top_lib xil_defaultlib [get_filesets sim_1]
update_compile_order -fileset sim_1
launch_simulation
boost::filesystem::remove: The process cannot access the file because it is being used by another process: "E:/VivadoProjects/Lab03/Lab03.sim/sim_1/behav/xsim/simulate.log"
close_sim
INFO: [Simtcl 6-16] Simulation closed
close_sim: Time (s): cpu = 00:00:03 ; elapsed = 00:00:09 . Memory (MB): peak = 2043.988 ; gain = 44.895
launch_simulation
INFO: [Vivado 12-5682] Launching behavioral simulation in 'E:/VivadoProjects/Lab03/Lab03.sim/sim_1/behav/xsim'
INFO: [SIM-utils-51] Simulation object is 'sim_1'
INFO: [SIM-utils-54] Inspecting design source files for 'functionMux_tb' in fileset 'sim_1'...
INFO: [USF-XSim-97] Finding global include files...
INFO: [USF-XSim-98] Fetching design files from 'sim_1'...
INFO: [USF-XSim-2] XSim::Compile design
INFO: [USF-XSim-61] Executing 'COMPILE and ANALYZE' step in 'E:/VivadoProjects/Lab03/Lab03.sim/sim_1/behav/xsim'
"xvlog --incr --relax -prj functionMux_tb_vlog.prj"
INFO: [VRFC 10-2263] Analyzing SystemVerilog file "E:/VivadoProjects/Lab03/Lab03.srcs/sources_1/new/decoder2to4.sv" into library xil_defaultlib
INFO: [VRFC 10-311] analyzing module decoder2to4
WARNING: [VRFC 10-3676] redeclaration of ansi port 'z0' is not allowed [E:/VivadoProjects/Lab03/Lab03.srcs/sources_1/new/decoder2to4.sv:27]
INFO: [VRFC 10-2263] Analyzing SystemVerilog file "E:/VivadoProjects/Lab03/Lab03.srcs/sources_1/new/functionMux.sv" into library xil_defaultlib
INFO: [VRFC 10-311] analyzing module functionMux
INFO: [VRFC 10-2263] Analyzing SystemVerilog file "E:/VivadoProjects/Lab03/Lab03.srcs/sources_1/new/multiplexer2.sv" into library xil_defaultlib
INFO: [VRFC 10-311] analyzing module multiplexer2
WARNING: [VRFC 10-3676] redeclaration of ansi port 'd' is not allowed [E:/VivadoProjects/Lab03/Lab03.srcs/sources_1/new/multiplexer2.sv:24]
INFO: [VRFC 10-2263] Analyzing SystemVerilog file "E:/VivadoProjects/Lab03/Lab03.srcs/sources_1/new/multiplexer4.sv" into library xil_defaultlib
INFO: [VRFC 10-311] analyzing module multiplexer4
WARNING: [VRFC 10-3676] redeclaration of ansi port 'y' is not allowed [E:/VivadoProjects/Lab03/Lab03.srcs/sources_1/new/multiplexer4.sv:24]
INFO: [VRFC 10-2263] Analyzing SystemVerilog file "E:/VivadoProjects/Lab03/Lab03.srcs/sources_1/new/multiplexer8.sv" into library xil_defaultlib
INFO: [VRFC 10-311] analyzing module multiplexer8
WARNING: [VRFC 10-3676] redeclaration of ansi port 'y' is not allowed [E:/VivadoProjects/Lab03/Lab03.srcs/sources_1/new/multiplexer8.sv:27]
INFO: [VRFC 10-2263] Analyzing SystemVerilog file "E:/VivadoProjects/Lab03/Lab03.srcs/sim_1/new/functionMux_tb.sv" into library xil_defaultlib
INFO: [VRFC 10-311] analyzing module functionMux_tb
INFO: [USF-XSim-69] 'compile' step finished in '2' seconds
INFO: [USF-XSim-3] XSim::Elaborate design
INFO: [USF-XSim-61] Executing 'ELABORATE' step in 'E:/VivadoProjects/Lab03/Lab03.sim/sim_1/behav/xsim'
"xelab -wto 8c5cc20252264a3bb04630232b7bb880 --incr --debug typical --relax --mt 2 -L xil_defaultlib -L unisims_ver -L unimacro_ver -L secureip --snapshot functionMux_tb_behav xil_defaultlib.functionMux_tb xil_defaultlib.glbl -log elaborate.log"
Vivado Simulator 2019.1
Copyright 1986-1999, 2001-2019 Xilinx, Inc. All Rights Reserved.
Running: C:/Xilinx/Vivado/2019.1/bin/unwrapped/win64.o/xelab.exe -wto 8c5cc20252264a3bb04630232b7bb880 --incr --debug typical --relax --mt 2 -L xil_defaultlib -L unisims_ver -L unimacro_ver -L secureip --snapshot functionMux_tb_behav xil_defaultlib.functionMux_tb xil_defaultlib.glbl -log elaborate.log 
Using 2 slave threads.
Starting static elaboration
WARNING: [VRFC 10-3091] actual bit length 32 differs from formal bit length 1 for port 'i1' [E:/VivadoProjects/Lab03/Lab03.srcs/sources_1/new/functionMux.sv:29]
WARNING: [VRFC 10-3091] actual bit length 32 differs from formal bit length 1 for port 'i6' [E:/VivadoProjects/Lab03/Lab03.srcs/sources_1/new/functionMux.sv:30]
Completed static elaboration
Starting simulation data flow analysis
Completed simulation data flow analysis
Time Resolution for simulation is 1ps
Compiling module xil_defaultlib.decoder2to4
Compiling module xil_defaultlib.multiplexer2
Compiling module xil_defaultlib.multiplexer4
Compiling module xil_defaultlib.multiplexer8
Compiling module xil_defaultlib.functionMux
Compiling module xil_defaultlib.functionMux_tb
Compiling module xil_defaultlib.glbl
Built simulation snapshot functionMux_tb_behav

****** Webtalk v2019.1 (64-bit)
  **** SW Build 2552052 on Fri May 24 14:49:42 MDT 2019
  **** IP Build 2548770 on Fri May 24 18:01:18 MDT 2019
    ** Copyright 1986-2019 Xilinx, Inc. All Rights Reserved.

source E:/VivadoProjects/Lab03/Lab03.sim/sim_1/behav/xsim/xsim.dir/functionMux_tb_behav/webtalk/xsim_webtalk.tcl -notrace
INFO: [Common 17-186] 'E:/VivadoProjects/Lab03/Lab03.sim/sim_1/behav/xsim/xsim.dir/functionMux_tb_behav/webtalk/usage_statistics_ext_xsim.xml' has been successfully sent to Xilinx on Mon Nov  4 23:17:18 2019. For additional details about this file, please refer to the WebTalk help file at C:/Xilinx/Vivado/2019.1/doc/webtalk_introduction.html.
INFO: [Common 17-206] Exiting Webtalk at Mon Nov  4 23:17:18 2019...
run_program: Time (s): cpu = 00:00:01 ; elapsed = 00:00:10 . Memory (MB): peak = 2043.988 ; gain = 0.000
INFO: [USF-XSim-69] 'elaborate' step finished in '10' seconds
INFO: [USF-XSim-4] XSim::Simulate design
INFO: [USF-XSim-61] Executing 'SIMULATE' step in 'E:/VivadoProjects/Lab03/Lab03.sim/sim_1/behav/xsim'
INFO: [USF-XSim-98] *** Running xsim
   with args "functionMux_tb_behav -key {Behavioral:sim_1:Functional:functionMux_tb} -tclbatch {functionMux_tb.tcl} -log {simulate.log}"
INFO: [USF-XSim-8] Loading simulator feature
Vivado Simulator 2019.1
Time resolution is 1 ps
source functionMux_tb.tcl
# set curr_wave [current_wave_config]
# if { [string length $curr_wave] == 0 } {
#   if { [llength [get_objects]] > 0} {
#     add_wave /
#     set_property needs_save false [current_wave_config]
#   } else {
#      send_msg_id Add_Wave-1 WARNING "No top level signals found. Simulator will start without a wave window. If you want to open a wave window go to 'File->New Waveform Configuration' or type 'create_wave_config' in the TCL console."
#   }
# }
# run 1000ns
INFO: [USF-XSim-96] XSim completed. Design snapshot 'functionMux_tb_behav' loaded.
INFO: [USF-XSim-97] XSim simulation ran for 1000ns
launch_simulation: Time (s): cpu = 00:00:04 ; elapsed = 00:00:15 . Memory (MB): peak = 2044.762 ; gain = 0.773
reset_run synth_1
WARNING: [Vivado 12-1017] Problems encountered:
1. Failed to delete one or more files in run directory E:/VivadoProjects/Lab03/Lab03.runs/synth_1

launch_runs impl_1 -to_step write_bitstream -jobs 2
[Mon Nov  4 23:18:32 2019] Launched synth_1...
Run output will be captured here: E:/VivadoProjects/Lab03/Lab03.runs/synth_1/runme.log
[Mon Nov  4 23:18:32 2019] Launched impl_1...
Run output will be captured here: E:/VivadoProjects/Lab03/Lab03.runs/impl_1/runme.log
open_hw
connect_hw_server
INFO: [Labtools 27-2285] Connecting to hw_server url TCP:localhost:3121
INFO: [Labtools 27-2222] Launching hw_server...
INFO: [Labtools 27-2221] Launch Output:

****** Xilinx hw_server v2019.1
  **** Build date : May 24 2019 at 15:13:31
    ** Copyright 1986-2019 Xilinx, Inc. All Rights Reserved.


open_hw_target
INFO: [Labtoolstcl 44-466] Opening hw_target localhost:3121/xilinx_tcf/Digilent/210183A580DEA
current_hw_device [get_hw_devices xc7a35t_0]
refresh_hw_device -update_hw_probes false [lindex [get_hw_devices xc7a35t_0] 0]
INFO: [Labtools 27-1434] Device xc7a35t (JTAG device index = 0) is programmed with a design that has no supported debug core(s) in it.
set_property PROBES.FILE {} [get_hw_devices xc7a35t_0]
set_property FULL_PROBES.FILE {} [get_hw_devices xc7a35t_0]
set_property PROGRAM.FILE {E:/VivadoProjects/Lab03/Lab03.runs/impl_1/functionMux.bit} [get_hw_devices xc7a35t_0]
program_hw_devices [get_hw_devices xc7a35t_0]
INFO: [Labtools 27-3164] End of startup status: HIGH
refresh_hw_device [lindex [get_hw_devices xc7a35t_0] 0]
INFO: [Labtools 27-1434] Device xc7a35t (JTAG device index = 0) is programmed with a design that has no supported debug core(s) in it.
close_hw
close_sim
INFO: [Simtcl 6-16] Simulation closed
close_sim: Time (s): cpu = 00:00:02 ; elapsed = 00:00:08 . Memory (MB): peak = 2065.883 ; gain = 0.000
exit
INFO: [Common 17-206] Exiting Vivado at Mon Nov  4 23:25:10 2019...
