#-----------------------------------------------------------
# Vivado v2019.1 (64-bit)
# SW Build 2552052 on Fri May 24 14:49:42 MDT 2019
# IP Build 2548770 on Fri May 24 18:01:18 MDT 2019
# Start of session at: Tue Dec 24 11:31:27 2019
# Process ID: 11128
# Current directory: E:/University/Year 2/Digital Design CS223/Lab/Lab 5/Lab5
# Command line: vivado.exe -gui_launcher_event rodinguilauncherevent8664 E:\University\Year 2\Digital Design CS223\Lab\Lab 5\Lab5\Lab5.xpr
# Log file: E:/University/Year 2/Digital Design CS223/Lab/Lab 5/Lab5/vivado.log
# Journal file: E:/University/Year 2/Digital Design CS223/Lab/Lab 5/Lab5\vivado.jou
#-----------------------------------------------------------
start_gui
open_project {E:/University/Year 2/Digital Design CS223/Lab/Lab 5/Lab5/Lab5.xpr}
Scanning sources...
Finished scanning sources
INFO: [IP_Flow 19-234] Refreshing IP repositories
INFO: [IP_Flow 19-1704] No user IP repositories specified
INFO: [IP_Flow 19-2313] Loaded Vivado IP repository 'C:/Xilinx/Vivado/2019.1/data/ip'.
open_project: Time (s): cpu = 00:00:18 ; elapsed = 00:00:10 . Memory (MB): peak = 803.227 ; gain = 191.535
update_compile_order -fileset sources_1
