#-----------------------------------------------------------
# Vivado v2019.1 (64-bit)
# SW Build 2552052 on Fri May 24 14:49:42 MDT 2019
# IP Build 2548770 on Fri May 24 18:01:18 MDT 2019
# Start of session at: Thu Dec 26 18:50:37 2019
# Process ID: 5264
# Current directory: E:/University/Year 2/Digital Design CS223/Lab/Lab 4/project_4
# Command line: vivado.exe -gui_launcher_event rodinguilauncherevent9604 E:\University\Year 2\Digital Design CS223\Lab\Lab 4\project_4\project_4.xpr
# Log file: E:/University/Year 2/Digital Design CS223/Lab/Lab 4/project_4/vivado.log
# Journal file: E:/University/Year 2/Digital Design CS223/Lab/Lab 4/project_4\vivado.jou
#-----------------------------------------------------------
start_gui
open_project {E:/University/Year 2/Digital Design CS223/Lab/Lab 4/project_4/project_4.xpr}
INFO: [Project 1-313] Project file moved from 'E:/VivadoProjects/project_4' since last save.
Scanning sources...
Finished scanning sources
INFO: [IP_Flow 19-234] Refreshing IP repositories
INFO: [IP_Flow 19-1704] No user IP repositories specified
INFO: [IP_Flow 19-2313] Loaded Vivado IP repository 'C:/Xilinx/Vivado/2019.1/data/ip'.
open_project: Time (s): cpu = 00:00:19 ; elapsed = 00:00:10 . Memory (MB): peak = 791.098 ; gain = 189.844
update_compile_order -fileset sources_1
exit
INFO: [Common 17-206] Exiting Vivado at Thu Dec 26 18:51:17 2019...
