#-----------------------------------------------------------
# Vivado v2019.1 (64-bit)
# SW Build 2552052 on Fri May 24 14:49:42 MDT 2019
# IP Build 2548770 on Fri May 24 18:01:18 MDT 2019
# Start of session at: Tue Oct 22 10:04:38 2019
# Process ID: 4444
# Current directory: E:/VivadoProjects/Lab2/twoBitAdder
# Command line: vivado.exe -gui_launcher_event rodinguilauncherevent8036 E:\VivadoProjects\Lab2\twoBitAdder\twoBitAdder_Subtractor.xpr
# Log file: E:/VivadoProjects/Lab2/twoBitAdder/vivado.log
# Journal file: E:/VivadoProjects/Lab2/twoBitAdder\vivado.jou
#-----------------------------------------------------------sstart_guioopen_project E:/VivadoProjects/Lab2/twoBitAdder/twoBitAdder_Subtractor.xpr
Scanning sources...
Finished scanning sources
INFO: [IP_Flow 19-234] Refreshing IP repositories
INFO: [IP_Flow 19-1704] No user IP repositories specified
INFO: [IP_Flow 19-2313] Loaded Vivado IP repository 'C:/Xilinx/Vivado/2019.1/data/ip'.
open_project: Time (s): cpu = 00:00:22 ; elapsed = 00:00:15 . Memory (MB): peak = 779.230 ; gain = 167.566
update_compile_order -fileset sources_1
eexit
INFO: [Common 17-206] Exiting Vivado at Tue Oct 22 10:09:35 2019...
