#-----------------------------------------------------------
# Vivado v2019.1 (64-bit)
# SW Build 2552052 on Fri May 24 14:49:42 MDT 2019
# IP Build 2548770 on Fri May 24 18:01:18 MDT 2019
# Start of session at: Tue Oct 22 00:39:29 2019
# Process ID: 9188
# Current directory: E:/VivadoProjects/Lab2/twoBitAdder_Subtractor
# Command line: vivado.exe -gui_launcher_event rodinguilauncherevent7160 E:\VivadoProjects\Lab2\twoBitAdder_Subtractor\twoBitAdder_Subtractor.xpr
# Log file: E:/VivadoProjects/Lab2/twoBitAdder_Subtractor/vivado.log
# Journal file: E:/VivadoProjects/Lab2/twoBitAdder_Subtractor\vivado.jou
#-----------------------------------------------------------
start_gui
open_project E:/VivadoProjects/Lab2/twoBitAdder_Subtractor/twoBitAdder_Subtractor.xpr
INFO: [Project 1-313] Project file moved from 'E:/VivadoProjects/twoBitAdder_Subtractor' since last save.
WARNING: [Project 1-312] File not found as 'E:/VivadoProjects/University/Year 2/Digital Design CS223/Lab/Basys Vivado/Basys3.xdc'; using path 'E:/University/Year 2/Digital Design CS223/Lab/Basys Vivado/Basys3.xdc' instead.
Scanning sources...
Finished scanning sources
WARNING: [Project 1-312] File not found as 'E:/VivadoProjects/University/Year 2/Digital Design CS223/Lab/Basys Vivado/Basys3.xdc'; using path 'E:/University/Year 2/Digital Design CS223/Lab/Basys Vivado/Basys3.xdc' instead.
WARNING: [Project 1-312] File not found as 'E:/VivadoProjects/University/Year 2/Digital Design CS223/Lab/Basys Vivado/Basys3.xdc'; using path 'E:/University/Year 2/Digital Design CS223/Lab/Basys Vivado/Basys3.xdc' instead.
INFO: [IP_Flow 19-234] Refreshing IP repositories
INFO: [IP_Flow 19-1704] No user IP repositories specified
INFO: [IP_Flow 19-2313] Loaded Vivado IP repository 'C:/Xilinx/Vivado/2019.1/data/ip'.
open_project: Time (s): cpu = 00:00:18 ; elapsed = 00:00:08 . Memory (MB): peak = 795.742 ; gain = 147.953
update_compile_order -fileset sources_1
exit
INFO: [Common 17-206] Exiting Vivado at Tue Oct 22 00:43:31 2019...
