#-----------------------------------------------------------
# Vivado v2019.1 (64-bit)
# SW Build 2552052 on Fri May 24 14:49:42 MDT 2019
# IP Build 2548770 on Fri May 24 18:01:18 MDT 2019
# Start of session at: Tue Oct 22 10:09:46 2019
# Process ID: 6084
# Current directory: E:/VivadoProjects/Lab2/twoBitAdder
# Command line: vivado.exe -gui_launcher_event rodinguilauncherevent4012 E:\VivadoProjects\Lab2\twoBitAdder\twoBitAdder.xpr
# Log file: E:/VivadoProjects/Lab2/twoBitAdder/vivado.log
# Journal file: E:/VivadoProjects/Lab2/twoBitAdder\vivado.jou
#-----------------------------------------------------------
start_gui
open_project E:/VivadoProjects/Lab2/twoBitAdder/twoBitAdder.xpr
CRITICAL WARNING: [Project 1-19] Could not find the file 'E:/VivadoProjects/Lab2/twoBitAdder/twoBitAdder.srcs/sources_1/new/twoBitAdder.sv'.
CRITICAL WARNING: [Project 1-19] Could not find the file 'E:/VivadoProjects/Lab2/twoBitAdder/twoBitAdder.srcs/sim_1/new/testBenchAdd.sv'.
Scanning sources...
Finished scanning sources
WARNING: [Project 1-509] GeneratedRun file for 'synth_1' not found
WARNING: [Project 1-509] GeneratedRun file for 'impl_1' not found
WARNING: [filemgmt 56-3] IPUserFilesDir: Could not find the directory 'E:/VivadoProjects/Lab2/twoBitAdder/twoBitAdder.ip_user_files'.
INFO: [IP_Flow 19-234] Refreshing IP repositories
INFO: [IP_Flow 19-1704] No user IP repositories specified
INFO: [IP_Flow 19-2313] Loaded Vivado IP repository 'C:/Xilinx/Vivado/2019.1/data/ip'.
open_project: Time (s): cpu = 00:00:16 ; elapsed = 00:00:08 . Memory (MB): peak = 789.754 ; gain = 140.566
update_compile_order -fileset sources_1
update_compile_order -fileset sim_1
exit
INFO: [Common 17-206] Exiting Vivado at Tue Oct 22 10:10:24 2019...
